2021-01-11 10:47:04,936:INFO:PyCaret Supervised Module
2021-01-11 10:47:04,936:INFO:ML Usecase: clustering
2021-01-11 10:47:04,936:INFO:version 2.2.3
2021-01-11 10:47:04,936:INFO:Initializing setup()
2021-01-11 10:47:04,936:INFO:setup(display=None, profile_kwargs=None, profile=False, verbose=True, silent=False, log_data=False, log_profile=False, log_plots=False, experiment_name=None, log_experiment=False, session_id=123, html=True, custom_pipeline=None, use_gpu=False, n_jobs=-1, fold_groups=None, fold_shuffle=False, fold=10, fold_strategy=kfold, data_split_stratify=False, data_split_shuffle=False, transform_target_method=box-cox, transform_target=False, fix_imbalance_method=None, fix_imbalance=False, interaction_threshold=0.01, feature_ratio=False, feature_interaction=False, feature_selection_method=classic, feature_selection_threshold=0.8, feature_selection=False, group_names=None, group_features=None, polynomial_threshold=0.1, trigonometry_features=False, polynomial_degree=2, polynomial_features=False, cluster_iter=20, create_clusters=False, remove_perfect_collinearity=False, multicollinearity_threshold=0.9, remove_multicollinearity=False, outliers_threshold=0.05, remove_outliers=False, bin_numeric_features=None, rare_level_threshold=0.1, combine_rare_levels=False, ignore_low_variance=False, pca_components=None, pca_method=linear, pca=False, unknown_categorical_method=least_frequent, handle_unknown_categorical=True, transformation_method=yeo-johnson, transformation=False, normalize_method=zscore, normalize=True, ignore_features=None, date_features=None, numeric_iterative_imputer=lightgbm, numeric_imputation=mean, numeric_features=None, high_cardinality_method=frequency, high_cardinality_features=None, ordinal_features=None, categorical_iterative_imputer=lightgbm, categorical_imputation=mode, categorical_features=None, iterative_imputation_iters=5, imputation_type=simple, preprocess=True, test_data=None, train_size=0.7, available_plots={'cluster': 'Cluster PCA Plot (2d)', 'tsne': 'Cluster TSnE (3d)', 'elbow': 'Elbow', 'silhouette': 'Silhouette', 'distance': 'Distance', 'distribution': 'Distribution'}, ml_usecase=clustering, target=None)
2021-01-11 10:47:04,936:INFO:Checking environment
2021-01-11 10:47:04,936:INFO:python_version: 3.6.9
2021-01-11 10:47:04,936:INFO:python_build: ('default', 'Oct  8 2020 12:12:24')
2021-01-11 10:47:04,936:INFO:machine: x86_64
2021-01-11 10:47:04,937:INFO:platform: Linux-4.19.112+-x86_64-with-Ubuntu-18.04-bionic
2021-01-11 10:47:04,937:INFO:Memory: svmem(total=13653602304, available=12738207744, percent=6.7, used=660545536, free=6689071104, active=726630400, inactive=5843656704, buffers=104599552, cached=6199386112, shared=958464, slab=297283584)
2021-01-11 10:47:04,937:INFO:Physical Core: 1
2021-01-11 10:47:04,937:INFO:Logical Core: 2
2021-01-11 10:47:04,937:INFO:Checking libraries
2021-01-11 10:47:04,937:INFO:pd==1.1.5
2021-01-11 10:47:04,938:INFO:numpy==1.19.4
2021-01-11 10:47:04,938:INFO:sklearn==0.23.2
2021-01-11 10:47:05,035:INFO:xgboost==1.3.1
2021-01-11 10:47:05,035:INFO:lightgbm==3.1.1
2021-01-11 10:47:05,056:INFO:catboost==0.24.4
2021-01-11 10:47:05,574:INFO:mlflow==1.13.1
2021-01-11 10:47:05,574:INFO:Checking Exceptions
2021-01-11 10:47:05,574:INFO:Declaring global variables
2021-01-11 10:47:05,574:INFO:USI: b9e2
2021-01-11 10:47:05,574:INFO:pycaret_globals: {'pycaret_globals', 'html_param', 'X', 'iterative_imputation_iters_param', 'fold_groups_param', 'fold_param', 'stratify_param', 'seed', '_all_models_internal', 'target_param', 'imputation_classifier', 'transform_target_method_param', 'data_before_preprocess', 'master_model_container', 'prep_pipe', 'imputation_regressor', 'fold_shuffle_param', 'experiment__', 'log_plots_param', '_internal_pipeline', '_gpu_n_jobs_param', '_all_models', 'create_model_container', 'USI', '_all_metrics', 'transform_target_param', 'logging_param', '_ml_usecase', 'gpu_param', 'fix_imbalance_method_param', 'exp_name_log', 'fold_generator', 'fix_imbalance_param', '_available_plots', 'n_jobs_param', 'display_container'}
2021-01-11 10:47:05,574:INFO:Preparing display monitor
2021-01-11 10:47:05,575:INFO:Preparing display monitor
2021-01-11 10:47:05,613:INFO:Importing libraries
2021-01-11 10:47:05,613:INFO:Copying data for preprocessing
2021-01-11 10:47:05,625:INFO:Declaring preprocessing parameters
2021-01-11 10:47:05,629:INFO:Creating preprocessing pipeline
2021-01-11 10:47:05,656:INFO:Preprocessing pipeline created successfully
2021-01-11 10:47:05,656:ERROR:(Process Exit): setup has been interupted with user command 'quit'. setup must rerun.
2021-01-11 10:47:05,656:INFO:Creating global containers
2021-01-11 10:47:05,657:INFO:Internal pipeline: Pipeline(memory=None, steps=[('empty_step', 'passthrough')], verbose=False)
2021-01-11 10:59:53,883:INFO:Creating grid variables
2021-01-11 10:59:53,905:INFO:create_model_container: 0
2021-01-11 10:59:53,905:INFO:master_model_container: 0
2021-01-11 10:59:53,905:INFO:display_container: 1
2021-01-11 10:59:53,915:INFO:Pipeline(memory=None,
         steps=[('dtypes',
                 DataTypes_Auto_infer(categorical_features=[],
                                      display_types=True, features_todrop=[],
                                      id_columns=['CustomerID'],
                                      ml_usecase='regression',
                                      numerical_features=[],
                                      target='UNSUPERVISED_DUMMY_TARGET',
                                      time_features=[])),
                ('imputer',
                 Simple_Imputer(categorical_strategy='most frequent',
                                fill_value_categorical=None,
                                fill_value_nu...
                ('P_transform', 'passthrough'), ('binn', 'passthrough'),
                ('rem_outliers', 'passthrough'), ('cluster_all', 'passthrough'),
                ('dummy', Dummify(target='UNSUPERVISED_DUMMY_TARGET')),
                ('fix_perfect', 'passthrough'),
                ('clean_names', Clean_Colum_Names()),
                ('feature_select', 'passthrough'), ('fix_multi', 'passthrough'),
                ('dfs', 'passthrough'), ('pca', 'passthrough')],
         verbose=False)
2021-01-11 10:59:53,915:INFO:setup() succesfully completed......................................
2021-01-11 11:07:37,855:INFO:PyCaret Supervised Module
2021-01-11 11:07:37,855:INFO:ML Usecase: clustering
2021-01-11 11:07:37,856:INFO:version 2.2.3
2021-01-11 11:07:37,856:INFO:Initializing setup()
2021-01-11 11:07:37,856:INFO:setup(display=None, profile_kwargs=None, profile=True, verbose=True, silent=False, log_data=False, log_profile=False, log_plots=False, experiment_name=None, log_experiment=False, session_id=123, html=True, custom_pipeline=None, use_gpu=False, n_jobs=-1, fold_groups=None, fold_shuffle=False, fold=10, fold_strategy=kfold, data_split_stratify=False, data_split_shuffle=False, transform_target_method=box-cox, transform_target=False, fix_imbalance_method=None, fix_imbalance=False, interaction_threshold=0.01, feature_ratio=False, feature_interaction=False, feature_selection_method=classic, feature_selection_threshold=0.8, feature_selection=False, group_names=None, group_features=None, polynomial_threshold=0.1, trigonometry_features=False, polynomial_degree=2, polynomial_features=False, cluster_iter=20, create_clusters=False, remove_perfect_collinearity=False, multicollinearity_threshold=0.9, remove_multicollinearity=False, outliers_threshold=0.05, remove_outliers=False, bin_numeric_features=None, rare_level_threshold=0.1, combine_rare_levels=False, ignore_low_variance=False, pca_components=None, pca_method=linear, pca=False, unknown_categorical_method=least_frequent, handle_unknown_categorical=True, transformation_method=yeo-johnson, transformation=False, normalize_method=zscore, normalize=True, ignore_features=None, date_features=None, numeric_iterative_imputer=lightgbm, numeric_imputation=mean, numeric_features=None, high_cardinality_method=frequency, high_cardinality_features=None, ordinal_features=None, categorical_iterative_imputer=lightgbm, categorical_imputation=mode, categorical_features=None, iterative_imputation_iters=5, imputation_type=simple, preprocess=True, test_data=None, train_size=0.7, available_plots={'cluster': 'Cluster PCA Plot (2d)', 'tsne': 'Cluster TSnE (3d)', 'elbow': 'Elbow', 'silhouette': 'Silhouette', 'distance': 'Distance', 'distribution': 'Distribution'}, ml_usecase=clustering, target=None)
2021-01-11 11:07:37,856:INFO:Checking environment
2021-01-11 11:07:37,857:INFO:python_version: 3.6.9
2021-01-11 11:07:37,857:INFO:python_build: ('default', 'Oct  8 2020 12:12:24')
2021-01-11 11:07:37,857:INFO:machine: x86_64
2021-01-11 11:07:37,857:INFO:platform: Linux-4.19.112+-x86_64-with-Ubuntu-18.04-bionic
2021-01-11 11:07:37,857:INFO:Memory: svmem(total=13653602304, available=12716290048, percent=6.9, used=683479040, free=6663041024, active=750309376, inactive=5846614016, buffers=104644608, cached=6202437632, shared=958464, slab=298565632)
2021-01-11 11:07:37,857:INFO:Physical Core: 1
2021-01-11 11:07:37,858:INFO:Logical Core: 2
2021-01-11 11:07:37,858:INFO:Checking libraries
2021-01-11 11:07:37,858:INFO:pd==1.1.5
2021-01-11 11:07:37,858:INFO:numpy==1.19.4
2021-01-11 11:07:37,858:INFO:sklearn==0.23.2
2021-01-11 11:07:37,858:INFO:xgboost==1.3.1
2021-01-11 11:07:37,858:INFO:lightgbm==3.1.1
2021-01-11 11:07:37,858:INFO:catboost==0.24.4
2021-01-11 11:07:37,858:INFO:mlflow==1.13.1
2021-01-11 11:07:37,858:INFO:Checking Exceptions
2021-01-11 11:07:37,859:INFO:Declaring global variables
2021-01-11 11:07:37,859:INFO:USI: 9eb1
2021-01-11 11:07:37,859:INFO:pycaret_globals: {'pycaret_globals', 'html_param', 'X', 'iterative_imputation_iters_param', 'fold_groups_param', 'fold_param', 'stratify_param', 'seed', '_all_models_internal', 'target_param', 'imputation_classifier', 'transform_target_method_param', 'data_before_preprocess', 'master_model_container', 'prep_pipe', 'imputation_regressor', 'fold_shuffle_param', 'experiment__', 'log_plots_param', '_internal_pipeline', '_gpu_n_jobs_param', '_all_models', 'create_model_container', 'USI', '_all_metrics', 'transform_target_param', 'logging_param', '_ml_usecase', 'gpu_param', 'fix_imbalance_method_param', 'exp_name_log', 'fold_generator', 'fix_imbalance_param', '_available_plots', 'n_jobs_param', 'display_container'}
2021-01-11 11:07:37,859:INFO:Preparing display monitor
2021-01-11 11:07:37,859:INFO:Preparing display monitor
2021-01-11 11:07:37,885:INFO:Importing libraries
2021-01-11 11:07:37,885:INFO:Copying data for preprocessing
2021-01-11 11:07:37,897:INFO:Declaring preprocessing parameters
2021-01-11 11:07:37,904:INFO:Creating preprocessing pipeline
2021-01-11 11:07:37,910:INFO:Preprocessing pipeline created successfully
2021-01-11 11:07:37,910:ERROR:(Process Exit): setup has been interupted with user command 'quit'. setup must rerun.
2021-01-11 11:07:37,910:INFO:Creating global containers
2021-01-11 11:07:37,911:INFO:Internal pipeline: Pipeline(memory=None, steps=[('empty_step', 'passthrough')], verbose=False)
2021-01-11 11:10:13,614:INFO:Creating grid variables
2021-01-11 11:10:23,321:INFO:create_model_container: 0
2021-01-11 11:10:23,321:INFO:master_model_container: 0
2021-01-11 11:10:23,321:INFO:display_container: 1
2021-01-11 11:10:23,334:INFO:Pipeline(memory=None,
         steps=[('dtypes',
                 DataTypes_Auto_infer(categorical_features=[],
                                      display_types=True, features_todrop=[],
                                      id_columns=['CustomerID'],
                                      ml_usecase='regression',
                                      numerical_features=[],
                                      target='UNSUPERVISED_DUMMY_TARGET',
                                      time_features=[])),
                ('imputer',
                 Simple_Imputer(categorical_strategy='most frequent',
                                fill_value_categorical=None,
                                fill_value_nu...
                ('P_transform', 'passthrough'), ('binn', 'passthrough'),
                ('rem_outliers', 'passthrough'), ('cluster_all', 'passthrough'),
                ('dummy', Dummify(target='UNSUPERVISED_DUMMY_TARGET')),
                ('fix_perfect', 'passthrough'),
                ('clean_names', Clean_Colum_Names()),
                ('feature_select', 'passthrough'), ('fix_multi', 'passthrough'),
                ('dfs', 'passthrough'), ('pca', 'passthrough')],
         verbose=False)
2021-01-11 11:10:23,335:INFO:setup() succesfully completed......................................
2021-01-11 11:23:54,690:INFO:Initializing create_model()
2021-01-11 11:23:54,690:INFO:create_model(kwargs={}, display=None, raise_num_clusters=False, system=True, verbose=True, fit_kwargs=None, round=4, ground_truth=None, fraction=0.05, num_clusters=4, estimator=kmeans)
2021-01-11 11:23:54,690:INFO:Checking exceptions
2021-01-11 11:23:54,691:INFO:Preparing display monitor
2021-01-11 11:23:54,745:INFO:Importing libraries
2021-01-11 11:23:54,766:INFO:Importing untrained model
2021-01-11 11:23:54,788:INFO:K-Means Clustering Imported succesfully
2021-01-11 11:23:54,811:INFO:Fitting Model
2021-01-11 11:23:54,877:INFO:KMeans(algorithm='auto', copy_x=True, init='k-means++', max_iter=300,
       n_clusters=4, n_init=10, n_jobs=-1, precompute_distances='deprecated',
       random_state=123, tol=0.0001, verbose=0)
2021-01-11 11:23:54,878:INFO:create_models() succesfully completed......................................
2021-01-11 11:23:54,878:INFO:Uploading results into container
2021-01-11 11:23:54,886:INFO:Uploading model into container now
2021-01-11 11:23:54,904:INFO:create_model_container: 1
2021-01-11 11:23:54,905:INFO:master_model_container: 1
2021-01-11 11:23:54,905:INFO:display_container: 2
2021-01-11 11:23:54,905:INFO:KMeans(algorithm='auto', copy_x=True, init='k-means++', max_iter=300,
       n_clusters=4, n_init=10, n_jobs=-1, precompute_distances='deprecated',
       random_state=123, tol=0.0001, verbose=0)
2021-01-11 11:23:54,905:INFO:create_model() succesfully completed......................................
2021-01-11 11:31:47,371:INFO:Initializing create_model()
2021-01-11 11:31:47,374:INFO:create_model(kwargs={}, display=None, raise_num_clusters=False, system=True, verbose=True, fit_kwargs=None, round=4, ground_truth=None, fraction=0.05, num_clusters=6, estimator=kmodes)
2021-01-11 11:31:47,374:INFO:Checking exceptions
2021-01-11 11:31:47,374:INFO:Preparing display monitor
2021-01-11 11:31:47,418:INFO:Importing libraries
2021-01-11 11:31:47,438:INFO:Importing untrained model
2021-01-11 11:31:47,459:INFO:K-Modes Clustering Imported succesfully
2021-01-11 11:31:47,482:INFO:Fitting Model
2021-01-11 11:31:48,476:INFO:KModes(cat_dissim=<function matching_dissim at 0x7ff9be6d81e0>, init='Cao',
       max_iter=100, n_clusters=6, n_init=1, n_jobs=-1, random_state=123,
       verbose=0)
2021-01-11 11:31:48,476:INFO:create_models() succesfully completed......................................
2021-01-11 11:31:48,477:INFO:Uploading results into container
2021-01-11 11:31:48,481:INFO:Uploading model into container now
2021-01-11 11:31:48,500:INFO:create_model_container: 2
2021-01-11 11:31:48,500:INFO:master_model_container: 2
2021-01-11 11:31:48,500:INFO:display_container: 3
2021-01-11 11:31:48,501:INFO:KModes(cat_dissim=<function matching_dissim at 0x7ff9be6d81e0>, init='Cao',
       max_iter=100, n_clusters=6, n_init=1, n_jobs=-1, random_state=123,
       verbose=0)
2021-01-11 11:31:48,501:INFO:create_model() succesfully completed......................................
2021-01-11 11:31:57,352:INFO:Initializing create_model()
2021-01-11 11:31:57,354:INFO:create_model(kwargs={}, display=None, raise_num_clusters=False, system=True, verbose=True, fit_kwargs=None, round=4, ground_truth=None, fraction=0.05, num_clusters=5, estimator=kmodes)
2021-01-11 11:31:57,355:INFO:Checking exceptions
2021-01-11 11:31:57,355:INFO:Preparing display monitor
2021-01-11 11:31:57,393:INFO:Importing libraries
2021-01-11 11:31:57,412:INFO:Importing untrained model
2021-01-11 11:31:57,432:INFO:K-Modes Clustering Imported succesfully
2021-01-11 11:31:57,454:INFO:Fitting Model
2021-01-11 11:31:57,989:INFO:KModes(cat_dissim=<function matching_dissim at 0x7ff9be6d81e0>, init='Cao',
       max_iter=100, n_clusters=5, n_init=1, n_jobs=-1, random_state=123,
       verbose=0)
2021-01-11 11:31:57,989:INFO:create_models() succesfully completed......................................
2021-01-11 11:31:57,990:INFO:Uploading results into container
2021-01-11 11:31:57,997:INFO:Uploading model into container now
2021-01-11 11:31:58,012:INFO:create_model_container: 3
2021-01-11 11:31:58,012:INFO:master_model_container: 3
2021-01-11 11:31:58,012:INFO:display_container: 4
2021-01-11 11:31:58,013:INFO:KModes(cat_dissim=<function matching_dissim at 0x7ff9be6d81e0>, init='Cao',
       max_iter=100, n_clusters=5, n_init=1, n_jobs=-1, random_state=123,
       verbose=0)
2021-01-11 11:31:58,013:INFO:create_model() succesfully completed......................................
2021-01-11 11:32:03,813:INFO:Initializing create_model()
2021-01-11 11:32:03,813:INFO:create_model(kwargs={}, display=None, raise_num_clusters=False, system=True, verbose=True, fit_kwargs=None, round=4, ground_truth=None, fraction=0.05, num_clusters=6, estimator=kmodes)
2021-01-11 11:32:03,814:INFO:Checking exceptions
2021-01-11 11:32:03,814:INFO:Preparing display monitor
2021-01-11 11:32:03,861:INFO:Importing libraries
2021-01-11 11:32:03,884:INFO:Importing untrained model
2021-01-11 11:32:03,906:INFO:K-Modes Clustering Imported succesfully
2021-01-11 11:32:03,929:INFO:Fitting Model
2021-01-11 11:32:03,977:INFO:KModes(cat_dissim=<function matching_dissim at 0x7ff9be6d81e0>, init='Cao',
       max_iter=100, n_clusters=6, n_init=1, n_jobs=-1, random_state=123,
       verbose=0)
2021-01-11 11:32:03,978:INFO:create_models() succesfully completed......................................
2021-01-11 11:32:03,980:INFO:Uploading results into container
2021-01-11 11:32:03,985:INFO:Uploading model into container now
2021-01-11 11:32:04,000:INFO:create_model_container: 4
2021-01-11 11:32:04,000:INFO:master_model_container: 4
2021-01-11 11:32:04,001:INFO:display_container: 5
2021-01-11 11:32:04,001:INFO:KModes(cat_dissim=<function matching_dissim at 0x7ff9be6d81e0>, init='Cao',
       max_iter=100, n_clusters=6, n_init=1, n_jobs=-1, random_state=123,
       verbose=0)
2021-01-11 11:32:04,001:INFO:create_model() succesfully completed......................................
2021-01-11 11:35:30,148:INFO:Initializing assign_model()
2021-01-11 11:35:30,148:INFO:assign_model(verbose=True, score=True, transformation=False, model=KMeans(algorithm='auto', copy_x=True, init='k-means++', max_iter=300,
       n_clusters=4, n_init=10, n_jobs=-1, precompute_distances='deprecated',
       random_state=123, tol=0.0001, verbose=0))
2021-01-11 11:35:30,149:INFO:Checking exceptions
2021-01-11 11:35:30,149:INFO:Determining Trained Model
2021-01-11 11:35:30,149:INFO:Trained Model : K-Means Clustering
2021-01-11 11:35:30,149:INFO:Copying data
2021-01-11 11:35:30,152:INFO:(200, 6)
2021-01-11 11:35:30,152:INFO:assign_model() succesfully completed......................................
2021-01-11 11:35:47,388:INFO:Initializing create_model()
2021-01-11 11:35:47,388:INFO:create_model(kwargs={}, display=None, raise_num_clusters=False, system=True, verbose=True, fit_kwargs=None, round=4, ground_truth=None, fraction=0.05, num_clusters=3, estimator=kmodes)
2021-01-11 11:35:47,389:INFO:Checking exceptions
2021-01-11 11:35:47,389:INFO:Preparing display monitor
2021-01-11 11:35:47,429:INFO:Importing libraries
2021-01-11 11:35:47,450:INFO:Importing untrained model
2021-01-11 11:35:47,476:INFO:K-Modes Clustering Imported succesfully
2021-01-11 11:35:47,501:INFO:Fitting Model
2021-01-11 11:35:47,540:INFO:KModes(cat_dissim=<function matching_dissim at 0x7ff9be6d81e0>, init='Cao',
       max_iter=100, n_clusters=3, n_init=1, n_jobs=-1, random_state=123,
       verbose=0)
2021-01-11 11:35:47,540:INFO:create_models() succesfully completed......................................
2021-01-11 11:35:47,541:INFO:Uploading results into container
2021-01-11 11:35:47,548:INFO:Uploading model into container now
2021-01-11 11:35:47,566:INFO:create_model_container: 5
2021-01-11 11:35:47,566:INFO:master_model_container: 5
2021-01-11 11:35:47,566:INFO:display_container: 6
2021-01-11 11:35:47,566:INFO:KModes(cat_dissim=<function matching_dissim at 0x7ff9be6d81e0>, init='Cao',
       max_iter=100, n_clusters=3, n_init=1, n_jobs=-1, random_state=123,
       verbose=0)
2021-01-11 11:35:47,566:INFO:create_model() succesfully completed......................................
2021-01-11 11:35:59,863:INFO:Initializing assign_model()
2021-01-11 11:35:59,863:INFO:assign_model(verbose=True, score=True, transformation=False, model=KMeans(algorithm='auto', copy_x=True, init='k-means++', max_iter=300,
       n_clusters=4, n_init=10, n_jobs=-1, precompute_distances='deprecated',
       random_state=123, tol=0.0001, verbose=0))
2021-01-11 11:35:59,864:INFO:Checking exceptions
2021-01-11 11:35:59,864:INFO:Determining Trained Model
2021-01-11 11:35:59,864:INFO:Trained Model : K-Means Clustering
2021-01-11 11:35:59,864:INFO:Copying data
2021-01-11 11:35:59,867:INFO:(200, 6)
2021-01-11 11:35:59,868:INFO:assign_model() succesfully completed......................................
2021-01-11 11:36:26,525:INFO:Initializing create_model()
2021-01-11 11:36:26,525:INFO:create_model(kwargs={}, display=None, raise_num_clusters=False, system=True, verbose=True, fit_kwargs=None, round=4, ground_truth=None, fraction=0.05, num_clusters=4, estimator=kmodes)
2021-01-11 11:36:26,526:INFO:Checking exceptions
2021-01-11 11:36:26,526:INFO:Preparing display monitor
2021-01-11 11:36:26,568:INFO:Importing libraries
2021-01-11 11:36:26,588:INFO:Importing untrained model
2021-01-11 11:36:26,608:INFO:K-Modes Clustering Imported succesfully
2021-01-11 11:36:26,633:INFO:Fitting Model
2021-01-11 11:36:26,679:INFO:KModes(cat_dissim=<function matching_dissim at 0x7ff9be6d81e0>, init='Cao',
       max_iter=100, n_clusters=4, n_init=1, n_jobs=-1, random_state=123,
       verbose=0)
2021-01-11 11:36:26,679:INFO:create_models() succesfully completed......................................
2021-01-11 11:36:26,680:INFO:Uploading results into container
2021-01-11 11:36:26,684:INFO:Uploading model into container now
2021-01-11 11:36:26,705:INFO:create_model_container: 6
2021-01-11 11:36:26,705:INFO:master_model_container: 6
2021-01-11 11:36:26,706:INFO:display_container: 7
2021-01-11 11:36:26,707:INFO:KModes(cat_dissim=<function matching_dissim at 0x7ff9be6d81e0>, init='Cao',
       max_iter=100, n_clusters=4, n_init=1, n_jobs=-1, random_state=123,
       verbose=0)
2021-01-11 11:36:26,707:INFO:create_model() succesfully completed......................................
2021-01-11 11:36:33,602:INFO:Initializing assign_model()
2021-01-11 11:36:33,604:INFO:assign_model(verbose=True, score=True, transformation=False, model=KMeans(algorithm='auto', copy_x=True, init='k-means++', max_iter=300,
       n_clusters=4, n_init=10, n_jobs=-1, precompute_distances='deprecated',
       random_state=123, tol=0.0001, verbose=0))
2021-01-11 11:36:33,604:INFO:Checking exceptions
2021-01-11 11:36:33,604:INFO:Determining Trained Model
2021-01-11 11:36:33,604:INFO:Trained Model : K-Means Clustering
2021-01-11 11:36:33,605:INFO:Copying data
2021-01-11 11:36:33,609:INFO:(200, 6)
2021-01-11 11:36:33,609:INFO:assign_model() succesfully completed......................................
2021-01-11 12:40:54,712:INFO:Initializing assign_model()
2021-01-11 12:40:54,712:INFO:assign_model(verbose=True, score=True, transformation=False, model=KMeans(algorithm='auto', copy_x=True, init='k-means++', max_iter=300,
       n_clusters=4, n_init=10, n_jobs=-1, precompute_distances='deprecated',
       random_state=123, tol=0.0001, verbose=0))
2021-01-11 12:40:54,713:INFO:Checking exceptions
2021-01-11 12:40:54,713:INFO:Determining Trained Model
2021-01-11 12:40:54,713:INFO:Trained Model : K-Means Clustering
2021-01-11 12:40:54,713:INFO:Copying data
2021-01-11 12:40:54,715:INFO:(200, 6)
2021-01-11 12:40:54,715:INFO:assign_model() succesfully completed......................................
2021-01-11 12:41:48,352:INFO:Initializing plot_model()
2021-01-11 12:41:48,352:INFO:plot_model(verbose=True, use_train_data=False, fold=None, plot=cluster, system=True, scale=1, save=False, label=False, groups=None, fit_kwargs=None, feature_name=None, estimator=KMeans(algorithm='auto', copy_x=True, init='k-means++', max_iter=300,
       n_clusters=4, n_init=10, n_jobs=-1, precompute_distances='deprecated',
       random_state=123, tol=0.0001, verbose=0), display=None)
2021-01-11 12:41:48,352:INFO:Checking exceptions
2021-01-11 12:41:48,352:INFO:Preparing display monitor
2021-01-11 12:41:48,371:INFO:Preloading libraries
2021-01-11 12:41:48,374:INFO:Copying training dataset
2021-01-11 12:41:48,375:INFO:Plot type: cluster
2021-01-11 12:41:48,467:INFO:SubProcess assign_model() called ==================================
2021-01-11 12:41:48,469:INFO:Initializing assign_model()
2021-01-11 12:41:48,469:INFO:assign_model(verbose=False, score=True, transformation=True, model=Pipeline(memory=None,
         steps=[('empty_step', 'passthrough'),
                ('actual_estimator',
                 KMeans(algorithm='auto', copy_x=True, init='k-means++',
                        max_iter=300, n_clusters=4, n_init=10, n_jobs=-1,
                        precompute_distances='deprecated', random_state=123,
                        tol=0.0001, verbose=0))],
         verbose=False))
2021-01-11 12:41:48,469:INFO:Checking exceptions
2021-01-11 12:41:48,469:INFO:Determining Trained Model
2021-01-11 12:41:48,469:INFO:Trained Model : K-Means Clustering
2021-01-11 12:41:48,469:INFO:Copying data
2021-01-11 12:41:48,469:INFO:Transformation param set to True. Assigned clusters are attached on transformed dataset.
2021-01-11 12:41:48,470:INFO:(200, 6)
2021-01-11 12:41:48,470:INFO:assign_model() succesfully completed......................................
2021-01-11 12:41:48,470:INFO:SubProcess assign_model() end ==================================
2021-01-11 12:41:48,474:INFO:Fitting PCA()
2021-01-11 12:41:48,523:INFO:Sorting dataframe
2021-01-11 12:41:48,528:INFO:Rendering Visual
2021-01-11 12:41:49,649:INFO:Visual Rendered Successfully
2021-01-11 12:41:49,853:INFO:plot_model() succesfully completed......................................
2021-01-11 12:42:36,544:INFO:Initializing plot_model()
2021-01-11 12:42:36,544:INFO:plot_model(verbose=True, use_train_data=False, fold=None, plot=elbow, system=True, scale=1, save=False, label=False, groups=None, fit_kwargs=None, feature_name=None, estimator=KMeans(algorithm='auto', copy_x=True, init='k-means++', max_iter=300,
       n_clusters=4, n_init=10, n_jobs=-1, precompute_distances='deprecated',
       random_state=123, tol=0.0001, verbose=0), display=None)
2021-01-11 12:42:36,544:INFO:Checking exceptions
2021-01-11 12:42:36,544:INFO:Preparing display monitor
2021-01-11 12:42:36,564:INFO:Preloading libraries
2021-01-11 12:42:36,568:INFO:Copying training dataset
2021-01-11 12:42:36,570:INFO:Plot type: elbow
2021-01-11 12:42:36,599:INFO:Fitting Model
2021-01-11 12:42:37,580:INFO:Visual Rendered Successfully
2021-01-11 12:42:37,755:INFO:plot_model() succesfully completed......................................
2021-01-11 12:44:56,166:INFO:Initializing plot_model()
2021-01-11 12:44:56,166:INFO:plot_model(verbose=True, use_train_data=False, fold=None, plot=silhouette, system=True, scale=1, save=False, label=False, groups=None, fit_kwargs=None, feature_name=None, estimator=KMeans(algorithm='auto', copy_x=True, init='k-means++', max_iter=300,
       n_clusters=4, n_init=10, n_jobs=-1, precompute_distances='deprecated',
       random_state=123, tol=0.0001, verbose=0), display=None)
2021-01-11 12:44:56,166:INFO:Checking exceptions
2021-01-11 12:44:56,166:INFO:Preparing display monitor
2021-01-11 12:44:56,181:INFO:Preloading libraries
2021-01-11 12:44:56,184:INFO:Copying training dataset
2021-01-11 12:44:56,185:INFO:Plot type: silhouette
2021-01-11 12:44:56,190:INFO:Fitting Model
2021-01-11 12:44:56,420:INFO:Visual Rendered Successfully
2021-01-11 12:44:56,601:INFO:plot_model() succesfully completed......................................
2021-01-11 12:48:11,005:INFO:Initializing plot_model()
2021-01-11 12:48:11,007:INFO:plot_model(verbose=True, use_train_data=False, fold=None, plot=distribution, system=True, scale=1, save=False, label=False, groups=None, fit_kwargs=None, feature_name=None, estimator=KMeans(algorithm='auto', copy_x=True, init='k-means++', max_iter=300,
       n_clusters=4, n_init=10, n_jobs=-1, precompute_distances='deprecated',
       random_state=123, tol=0.0001, verbose=0), display=None)
2021-01-11 12:48:11,007:INFO:Checking exceptions
2021-01-11 12:48:11,007:INFO:Preparing display monitor
2021-01-11 12:48:11,020:INFO:Preloading libraries
2021-01-11 12:48:11,024:INFO:Copying training dataset
2021-01-11 12:48:11,025:INFO:Plot type: distribution
2021-01-11 12:48:11,027:INFO:SubProcess assign_model() called ==================================
2021-01-11 12:48:11,032:INFO:Initializing assign_model()
2021-01-11 12:48:11,032:INFO:assign_model(verbose=False, score=True, transformation=False, model=Pipeline(memory=None,
         steps=[('empty_step', 'passthrough'),
                ('actual_estimator',
                 KMeans(algorithm='auto', copy_x=True, init='k-means++',
                        max_iter=300, n_clusters=4, n_init=10, n_jobs=-1,
                        precompute_distances='deprecated', random_state=123,
                        tol=0.0001, verbose=0))],
         verbose=False))
2021-01-11 12:48:11,033:INFO:Checking exceptions
2021-01-11 12:48:11,033:INFO:Determining Trained Model
2021-01-11 12:48:11,033:INFO:Trained Model : K-Means Clustering
2021-01-11 12:48:11,033:INFO:Copying data
2021-01-11 12:48:11,036:INFO:(200, 6)
2021-01-11 12:48:11,036:INFO:assign_model() succesfully completed......................................
2021-01-11 12:48:11,036:INFO:SubProcess assign_model() end ==================================
2021-01-11 12:48:11,036:INFO:Sorting dataframe
2021-01-11 12:48:11,045:INFO:Rendering Visual
2021-01-11 12:48:11,406:INFO:Visual Rendered Successfully
2021-01-11 12:48:11,609:INFO:plot_model() succesfully completed......................................
2021-01-11 12:50:17,325:INFO:Initializing plot_model()
2021-01-11 12:50:17,325:INFO:plot_model(verbose=True, use_train_data=False, fold=None, plot=distribution, system=True, scale=1, save=False, label=False, groups=None, fit_kwargs=None, feature_name=class, estimator=KMeans(algorithm='auto', copy_x=True, init='k-means++', max_iter=300,
       n_clusters=4, n_init=10, n_jobs=-1, precompute_distances='deprecated',
       random_state=123, tol=0.0001, verbose=0), display=None)
2021-01-11 12:50:17,325:INFO:Checking exceptions
2021-01-11 12:50:17,326:INFO:Preparing display monitor
2021-01-11 12:50:17,343:INFO:Preloading libraries
2021-01-11 12:50:17,348:INFO:Copying training dataset
2021-01-11 12:50:17,349:INFO:Plot type: distribution
2021-01-11 12:50:17,353:INFO:SubProcess assign_model() called ==================================
2021-01-11 12:50:17,357:INFO:Initializing assign_model()
2021-01-11 12:50:17,357:INFO:assign_model(verbose=False, score=True, transformation=False, model=Pipeline(memory=None,
         steps=[('empty_step', 'passthrough'),
                ('actual_estimator',
                 KMeans(algorithm='auto', copy_x=True, init='k-means++',
                        max_iter=300, n_clusters=4, n_init=10, n_jobs=-1,
                        precompute_distances='deprecated', random_state=123,
                        tol=0.0001, verbose=0))],
         verbose=False))
2021-01-11 12:50:17,357:INFO:Checking exceptions
2021-01-11 12:50:17,357:INFO:Determining Trained Model
2021-01-11 12:50:17,357:INFO:Trained Model : K-Means Clustering
2021-01-11 12:50:17,358:INFO:Copying data
2021-01-11 12:50:17,359:INFO:(200, 6)
2021-01-11 12:50:17,359:INFO:assign_model() succesfully completed......................................
2021-01-11 12:50:17,359:INFO:SubProcess assign_model() end ==================================
2021-01-11 12:50:17,359:INFO:Sorting dataframe
2021-01-11 12:50:17,363:INFO:Rendering Visual
2021-01-11 12:51:01,570:INFO:Initializing plot_model()
2021-01-11 12:51:01,570:INFO:plot_model(verbose=True, use_train_data=False, fold=None, plot=distribution, system=True, scale=1, save=False, label=False, groups=None, fit_kwargs=None, feature_name=Spending Score (1-100), estimator=KMeans(algorithm='auto', copy_x=True, init='k-means++', max_iter=300,
       n_clusters=4, n_init=10, n_jobs=-1, precompute_distances='deprecated',
       random_state=123, tol=0.0001, verbose=0), display=None)
2021-01-11 12:51:01,570:INFO:Checking exceptions
2021-01-11 12:51:01,570:INFO:Preparing display monitor
2021-01-11 12:51:01,584:INFO:Preloading libraries
2021-01-11 12:51:01,587:INFO:Copying training dataset
2021-01-11 12:51:01,588:INFO:Plot type: distribution
2021-01-11 12:51:01,590:INFO:SubProcess assign_model() called ==================================
2021-01-11 12:51:01,593:INFO:Initializing assign_model()
2021-01-11 12:51:01,593:INFO:assign_model(verbose=False, score=True, transformation=False, model=Pipeline(memory=None,
         steps=[('empty_step', 'passthrough'),
                ('actual_estimator',
                 KMeans(algorithm='auto', copy_x=True, init='k-means++',
                        max_iter=300, n_clusters=4, n_init=10, n_jobs=-1,
                        precompute_distances='deprecated', random_state=123,
                        tol=0.0001, verbose=0))],
         verbose=False))
2021-01-11 12:51:01,593:INFO:Checking exceptions
2021-01-11 12:51:01,593:INFO:Determining Trained Model
2021-01-11 12:51:01,594:INFO:Trained Model : K-Means Clustering
2021-01-11 12:51:01,594:INFO:Copying data
2021-01-11 12:51:01,596:INFO:(200, 6)
2021-01-11 12:51:01,596:INFO:assign_model() succesfully completed......................................
2021-01-11 12:51:01,596:INFO:SubProcess assign_model() end ==================================
2021-01-11 12:51:01,596:INFO:Sorting dataframe
2021-01-11 12:51:01,603:INFO:Rendering Visual
2021-01-11 12:51:01,956:INFO:Visual Rendered Successfully
2021-01-11 12:51:02,165:INFO:plot_model() succesfully completed......................................
2021-01-11 12:51:38,415:INFO:Initializing plot_model()
2021-01-11 12:51:38,418:INFO:plot_model(verbose=True, use_train_data=False, fold=None, plot=distribution, system=True, scale=1, save=False, label=False, groups=None, fit_kwargs=None, feature_name=Annual Income (k$), estimator=KMeans(algorithm='auto', copy_x=True, init='k-means++', max_iter=300,
       n_clusters=4, n_init=10, n_jobs=-1, precompute_distances='deprecated',
       random_state=123, tol=0.0001, verbose=0), display=None)
2021-01-11 12:51:38,419:INFO:Checking exceptions
2021-01-11 12:51:38,419:INFO:Preparing display monitor
2021-01-11 12:51:38,446:INFO:Preloading libraries
2021-01-11 12:51:38,448:INFO:Copying training dataset
2021-01-11 12:51:38,454:INFO:Plot type: distribution
2021-01-11 12:51:38,456:INFO:SubProcess assign_model() called ==================================
2021-01-11 12:51:38,459:INFO:Initializing assign_model()
2021-01-11 12:51:38,459:INFO:assign_model(verbose=False, score=True, transformation=False, model=Pipeline(memory=None,
         steps=[('empty_step', 'passthrough'),
                ('actual_estimator',
                 KMeans(algorithm='auto', copy_x=True, init='k-means++',
                        max_iter=300, n_clusters=4, n_init=10, n_jobs=-1,
                        precompute_distances='deprecated', random_state=123,
                        tol=0.0001, verbose=0))],
         verbose=False))
2021-01-11 12:51:38,459:INFO:Checking exceptions
2021-01-11 12:51:38,459:INFO:Determining Trained Model
2021-01-11 12:51:38,460:INFO:Trained Model : K-Means Clustering
2021-01-11 12:51:38,460:INFO:Copying data
2021-01-11 12:51:38,461:INFO:(200, 6)
2021-01-11 12:51:38,461:INFO:assign_model() succesfully completed......................................
2021-01-11 12:51:38,462:INFO:SubProcess assign_model() end ==================================
2021-01-11 12:51:38,462:INFO:Sorting dataframe
2021-01-11 12:51:38,468:INFO:Rendering Visual
2021-01-11 12:51:38,869:INFO:Visual Rendered Successfully
2021-01-11 12:51:39,094:INFO:plot_model() succesfully completed......................................
2021-01-11 14:51:07,753:INFO:Initializing plot_model()
2021-01-11 14:51:07,754:INFO:plot_model(verbose=True, use_train_data=False, fold=None, plot=distribution, system=True, scale=1, save=False, label=False, groups=None, fit_kwargs=None, feature_name=Annual Income (k$), estimator=KMeans(algorithm='auto', copy_x=True, init='k-means++', max_iter=300,
       n_clusters=4, n_init=10, n_jobs=-1, precompute_distances='deprecated',
       random_state=123, tol=0.0001, verbose=0), display=None)
2021-01-11 14:51:07,754:INFO:Checking exceptions
2021-01-11 14:51:07,755:INFO:Preparing display monitor
2021-01-11 14:51:07,775:INFO:Preloading libraries
2021-01-11 14:51:07,781:INFO:Copying training dataset
2021-01-11 14:51:07,787:INFO:Plot type: distribution
2021-01-11 14:51:07,793:INFO:SubProcess assign_model() called ==================================
2021-01-11 14:51:07,794:INFO:Initializing assign_model()
2021-01-11 14:51:07,794:INFO:assign_model(verbose=False, score=True, transformation=False, model=Pipeline(memory=None,
         steps=[('empty_step', 'passthrough'),
                ('actual_estimator',
                 KMeans(algorithm='auto', copy_x=True, init='k-means++',
                        max_iter=300, n_clusters=4, n_init=10, n_jobs=-1,
                        precompute_distances='deprecated', random_state=123,
                        tol=0.0001, verbose=0))],
         verbose=False))
2021-01-11 14:51:07,794:INFO:Checking exceptions
2021-01-11 14:51:07,795:INFO:Determining Trained Model
2021-01-11 14:51:07,795:INFO:Trained Model : K-Means Clustering
2021-01-11 14:51:07,795:INFO:Copying data
2021-01-11 14:51:07,800:INFO:(200, 6)
2021-01-11 14:51:07,800:INFO:assign_model() succesfully completed......................................
2021-01-11 14:51:07,801:INFO:SubProcess assign_model() end ==================================
2021-01-11 14:51:07,801:INFO:Sorting dataframe
2021-01-11 14:51:07,808:INFO:Rendering Visual
2021-01-11 14:51:08,281:INFO:Visual Rendered Successfully
2021-01-11 14:51:08,810:INFO:plot_model() succesfully completed......................................
2021-01-11 14:53:42,473:INFO:Initializing assign_model()
2021-01-11 14:53:42,473:INFO:assign_model(verbose=True, score=True, transformation=False, model=KMeans(algorithm='auto', copy_x=True, init='k-means++', max_iter=300,
       n_clusters=4, n_init=10, n_jobs=-1, precompute_distances='deprecated',
       random_state=123, tol=0.0001, verbose=0))
2021-01-11 14:53:42,473:INFO:Checking exceptions
2021-01-11 14:53:42,473:INFO:Determining Trained Model
2021-01-11 14:53:42,473:INFO:Trained Model : K-Means Clustering
2021-01-11 14:53:42,474:INFO:Copying data
2021-01-11 14:53:42,475:INFO:(200, 6)
2021-01-11 14:53:42,476:INFO:assign_model() succesfully completed......................................
2021-01-11 14:55:10,973:INFO:Initializing assign_model()
2021-01-11 14:55:10,974:INFO:assign_model(verbose=True, score=True, transformation=False, model=KMeans(algorithm='auto', copy_x=True, init='k-means++', max_iter=300,
       n_clusters=4, n_init=10, n_jobs=-1, precompute_distances='deprecated',
       random_state=123, tol=0.0001, verbose=0))
2021-01-11 14:55:10,974:INFO:Checking exceptions
2021-01-11 14:55:10,975:INFO:Determining Trained Model
2021-01-11 14:55:10,975:INFO:Trained Model : K-Means Clustering
2021-01-11 14:55:10,975:INFO:Copying data
2021-01-11 14:55:10,976:INFO:(200, 6)
2021-01-11 14:55:10,976:INFO:assign_model() succesfully completed......................................
2021-01-11 14:56:10,314:INFO:Initializing predict_model()
2021-01-11 14:56:10,315:INFO:predict_model(ml_usecase=MLUsecase.CLUSTERING, estimator=KMeans(algorithm='auto', copy_x=True, init='k-means++', max_iter=300,
       n_clusters=4, n_init=10, n_jobs=-1, precompute_distances='deprecated',
       random_state=123, tol=0.0001, verbose=0))
2021-01-11 15:00:10,491:INFO:Initializing predict_model()
2021-01-11 15:00:10,493:INFO:predict_model(ml_usecase=MLUsecase.CLUSTERING, estimator=KMeans(algorithm='auto', copy_x=True, init='k-means++', max_iter=300,
       n_clusters=4, n_init=10, n_jobs=-1, precompute_distances='deprecated',
       random_state=123, tol=0.0001, verbose=0))
2021-01-11 15:50:40,811:INFO:Initializing save_model()
2021-01-11 15:50:40,811:INFO:save_model(verbose=True, prep_pipe_=Pipeline(memory=None,
         steps=[('dtypes',
                 DataTypes_Auto_infer(categorical_features=[],
                                      display_types=True, features_todrop=[],
                                      id_columns=['CustomerID'],
                                      ml_usecase='regression',
                                      numerical_features=[],
                                      target='UNSUPERVISED_DUMMY_TARGET',
                                      time_features=[])),
                ('imputer',
                 Simple_Imputer(categorical_strategy='most frequent',
                                fill_value_categorical=None,
                                fill_value_nu...
                ('P_transform', 'passthrough'), ('binn', 'passthrough'),
                ('rem_outliers', 'passthrough'), ('cluster_all', 'passthrough'),
                ('dummy', Dummify(target='UNSUPERVISED_DUMMY_TARGET')),
                ('fix_perfect', 'passthrough'),
                ('clean_names', Clean_Colum_Names()),
                ('feature_select', 'passthrough'), ('fix_multi', 'passthrough'),
                ('dfs', 'passthrough'), ('pca', 'passthrough')],
         verbose=False), model_name=Final Kmeans Model 12Jan2021, model=KMeans(algorithm='auto', copy_x=True, init='k-means++', max_iter=300,
       n_clusters=4, n_init=10, n_jobs=-1, precompute_distances='deprecated',
       random_state=123, tol=0.0001, verbose=0))
2021-01-11 15:50:40,811:INFO:Adding model into prep_pipe
2021-01-11 15:50:40,823:INFO:Final Kmeans Model 12Jan2021.pkl saved in current working directory
2021-01-11 15:50:40,830:INFO:Pipeline(memory=None,
         steps=[('dtypes',
                 DataTypes_Auto_infer(categorical_features=[],
                                      display_types=True, features_todrop=[],
                                      id_columns=['CustomerID'],
                                      ml_usecase='regression',
                                      numerical_features=[],
                                      target='UNSUPERVISED_DUMMY_TARGET',
                                      time_features=[])),
                ('imputer',
                 Simple_Imputer(categorical_strategy='most frequent',
                                fill_value_categorical=None,
                                fill_value_nu...
                ('fix_perfect', 'passthrough'),
                ('clean_names', Clean_Colum_Names()),
                ('feature_select', 'passthrough'), ('fix_multi', 'passthrough'),
                ('dfs', 'passthrough'), ('pca', 'passthrough'),
                ['trained_model',
                 KMeans(algorithm='auto', copy_x=True, init='k-means++',
                        max_iter=300, n_clusters=4, n_init=10, n_jobs=-1,
                        precompute_distances='deprecated', random_state=123,
                        tol=0.0001, verbose=0)]],
         verbose=False)
2021-01-11 15:50:40,831:INFO:save_model() succesfully completed......................................
